<?xml version="1.0" encoding="UTF-8"?>
<!-- Generated by org.testng.reporters.JUnitXMLReporter -->
<testsuite ignored="0" hostname="Davids-MacBook-Pro.local" failures="1" tests="17" name="Amazon Automation Test Cases" time="154.065" errors="0" timestamp="2022-01-11T12:13:04 PST">
  <testcase classname="com.amazon.qa.testcases.HomePageTest" name="validateHomePageTitleTest" time="0.126"/>
  <testcase classname="com.amazon.qa.testcases.HomePageTest" name="searchTest" time="2.229"/>
  <testcase classname="com.amazon.qa.testcases.SearchPageTest" name="searchPageTitleTest" time="0.004"/>
  <testcase classname="com.amazon.qa.testcases.SearchPageTest" name="clickOnProductTest" time="2.737"/>
  <testcase classname="com.amazon.qa.testcases.ProductPageTest" name="addOneToCartTest" time="4.297"/>
  <testcase classname="com.amazon.qa.testcases.ProductPageTest" name="addThreeToCartTest" time="4.366"/>
  <testcase classname="com.amazon.qa.testcases.ProductPageTest" name="addTwoToCartTest" time="4.434"/>
  <testcase classname="com.amazon.qa.testcases.ProductPageTest" name="productAvailability" time="0.029"/>
  <testcase classname="com.amazon.qa.testcases.ProductPageTest" name="productBrandTest" time="0.138"/>
  <testcase classname="com.amazon.qa.testcases.ProductPageTest" name="productDescriptionTest" time="0.028"/>
  <testcase classname="com.amazon.qa.testcases.ProductPageTest" name="productNameTest" time="0.03"/>
  <testcase classname="com.amazon.qa.testcases.ProductPageTest" name="productPageTitleTest" time="0.038"/>
  <testcase classname="com.amazon.qa.testcases.ProductPageTest" name="productPriceTest" time="0.055">
    <failure type="java.lang.AssertionError" message="expected [$197.00] but found [$189.99]">
      <![CDATA[java.lang.AssertionError: expected [$197.00] but found [$189.99]
at com.amazon.qa.testcases.ProductPageTest.productPriceTest(ProductPageTest.java:54)
at java.base/java.util.ArrayList.forEach(ArrayList.java:1511)
... Removed 33 stack frames]]>
    </failure>
  </testcase> <!-- productPriceTest -->
  <testcase classname="com.amazon.qa.testcases.ShoppingCartPageTest" name="deleteItemTest" time="0.651"/>
  <testcase classname="com.amazon.qa.testcases.ShoppingCartPageTest" name="shoppingCartQuantityTest" time="0.041"/>
  <testcase classname="com.amazon.qa.testcases.ShoppingCartPageTest" name="validateShoppingCartItemTest" time="0.04"/>
  <testcase classname="com.amazon.qa.testcases.ShoppingCartPageTest" name="validateShoppingCartPageTitle" time="0.005"/>
</testsuite> <!-- Amazon Automation Test Cases -->
